[2023-03-12 23:04:44] [core-api] [service-undefined] error: 
Invalid `this.prisma.client.category.create()` invocation in
C:\Users\valer\Desktop\vitor\FinancialPlanner\src\providers\database\prisma\repositories\prisma-category-repository.ts:16:59

  13 constructor(@inject(PrismaProvider) private prisma: PrismaProvider) {}
  14 
  15 async create(category: Category): Promise<Category> {
→ 16   const newCategory = await this.prisma.client.category.create({
         data: {
           _id: 'dbb7fecd-214a-4429-8916-4f1f893b5fcf',
           ~~~
           props: {
           ~~~~~
             title: 'teste',
             createdAt: new Date('2023-03-13T02:04:44.311Z')
           },
       +   title: String,
       ?   id?: String,
       ?   createdAt?: DateTime
         }
       })

Unknown arg `_id` in data._id for type CategoryCreateInput. Did you mean `id`?
Unknown arg `props` in data.props for type CategoryCreateInput. Did you mean `id`?
Argument title for data.title is missing.

Note: Lines with + are required, lines with ? are optional.
 - (Error) [file: nvalid `this.prisma.client.category.create()` invocation in]
[2023-03-12 23:13:25] [core-api] [service-undefined] error: 
Invalid `this.prisma.client.category.create()` invocation in
C:\Users\valer\Desktop\vitor\FinancialPlanner\src\providers\database\prisma\repositories\prisma-category-repository.ts:16:59

  13 constructor(@inject(PrismaProvider) private prisma: PrismaProvider) {}
  14 
  15 async create(category: Category): Promise<Category> {
→ 16   const newCategory = await this.prisma.client.category.create({
         data: {
           _id: '918f1e19-4714-45cf-9c32-207130f41cbc',
           ~~~
           props: {
           ~~~~~
             title: 'teste',
             createdAt: new Date('2023-03-13T02:13:25.293Z')
           },
       +   title: String,
       ?   id?: String,
       ?   createdAt?: DateTime,
       ?   Transaction?: {
       ?     create?: TransactionCreateWithoutCategoryInput | TransactionCreateWithoutCategoryInput | TransactionUncheckedCreateWithoutCategoryInput | TransactionUncheckedCreateWithoutCategoryInput,
       ?     connectOrCreate?: TransactionCreateOrConnectWithoutCategoryInput | TransactionCreateOrConnectWithoutCategoryInput,
       ?     connect?: TransactionWhereUniqueInput | TransactionWhereUniqueInput
       ?   }
         }
       })

Unknown arg `_id` in data._id for type CategoryCreateInput. Did you mean `id`?
Unknown arg `props` in data.props for type CategoryCreateInput. Did you mean `id`?
Argument title for data.title is missing.

Note: Lines with + are required, lines with ? are optional.
 - (Error) [file: nvalid `this.prisma.client.category.create()` invocation in]
